<?xml version="1.0" encoding="UTF-8"?>
<testsuite xmlns:xsi="http://www.w3.org/2001/XMLSchema-instance" xsi:noNamespaceSchemaLocation="https://maven.apache.org/surefire/maven-surefire-plugin/xsd/surefire-test-report-3.0.xsd" version="3.0" name="TestSuite" time="2.778" tests="3" errors="0" skipped="0" failures="0">
  <properties>
[...]
</properties>
  <testcase name="runScenario[&quot;add a discount coupon&quot;, &quot;Add a coupon&quot;](3)" classname="com.bdia.runners.TestNGRunnerTest" time="0.431">
    <system-out><![CDATA[
@addToCart @PL
Scenario Outline: Add one product         &amp#27;[90m# src/test/java/com/bdia/feature/AddToCart.feature:15&amp#27;[0m

@coupons
Scenario: add a discount coupon                 &amp#27;[90m# src/test/java/com/bdia/feature/Coupons.feature:7&amp#27;[0m

@addToCart @LU
Scenario Outline: Add one product        &amp#27;[90m# src/test/java/com/bdia/feature/AddToCart.feature:20&amp#27;[0m
  &amp#27;[32mGiven &amp#27;[0m&amp#27;[32mI'm on coupons list page&amp#27;[0m                &amp#27;[90m# com.bdia.stepdefs.CouponsTest.iMOnCouponsListPage(java.util.List<com.bdia.objects.Customer>)&amp#27;[0m
    | username                    | password |
    | nathan@neville.com          | Test1111 |
    | uncomptepourbre@yopmail.com | Test     |
  &amp#27;[32mAnd &amp#27;[0m&amp#27;[32mI have a product in the cart&amp#27;[0m              &amp#27;[90m# com.bdia.stepdefs.CouponsTest.iHaveAProductInTheCart()&amp#27;[0m
  &amp#27;[32mWhen &amp#27;[0m&amp#27;[32mI add a discount coupon&amp#27;[0m                  &amp#27;[90m# com.bdia.stepdefs.CouponsTest.iAddADiscountCoupon()&amp#27;[0m
  &amp#27;[32mGiven &amp#27;[0m&amp#27;[32mI'm on store page&amp#27;[0m                &amp#27;[90m# com.bdia.stepdefs.AddToCartTest.iMOnStorePage()&amp#27;[0m
  &amp#27;[32mWhen &amp#27;[0m&amp#27;[32mI add one &amp#27;[0m&amp#27;[32m&amp#27;[1m"Red Shoes"&amp#27;[0m&amp#27;[32m to cart&amp#27;[0m     &amp#27;[90m# com.bdia.stepdefs.AddToCartTest.iAddOneProductToCart(com.bdia.objects.Product)&amp#27;[0m
  &amp#27;[32mThen &amp#27;[0m&amp#27;[32mI see one &amp#27;[0m&amp#27;[32m&amp#27;[1m"Red Shoes"&amp#27;[0m&amp#27;[32m in the cart&amp#27;[0m &amp#27;[90m# com.bdia.stepdefs.AddToCartTest.iSeeOneProductInTheCart(com.bdia.objects.Product)&amp#27;[0m
  &amp#27;[32mThen &amp#27;[0m&amp#27;[32mI see the discount reduction in the cart&amp#27;[0m &amp#27;[90m# com.bdia.stepdefs.CouponsTest.iSeeTheDiscounReductionInTheCart()&amp#27;[0m
  &amp#27;[32mGiven &amp#27;[0m&amp#27;[32mI'm on store page&amp#27;[0m                 &amp#27;[90m# com.bdia.stepdefs.AddToCartTest.iMOnStorePage()&amp#27;[0m
  &amp#27;[32mWhen &amp#27;[0m&amp#27;[32mI add one &amp#27;[0m&amp#27;[32m&amp#27;[1m"Blue Shoes"&amp#27;[0m&amp#27;[32m to cart&amp#27;[0m     &amp#27;[90m# com.bdia.stepdefs.AddToCartTest.iAddOneProductToCart(com.bdia.objects.Product)&amp#27;[0m
  &amp#27;[32mThen &amp#27;[0m&amp#27;[32mI see one &amp#27;[0m&amp#27;[32m&amp#27;[1m"Blue Shoes"&amp#27;[0m&amp#27;[32m in the cart&amp#27;[0m &amp#27;[90m# com.bdia.stepdefs.AddToCartTest.iSeeOneProductInTheCart(com.bdia.objects.Product)&amp#27;[0m
]]></system-out>
  </testcase>
  <testcase name="runScenario[&quot;Add one product&quot;, &quot;Add To cart&quot;](3)" classname="com.bdia.runners.TestNGRunnerTest" time="0.434"/>
  <testcase name="runScenario[&quot;Add one product&quot;, &quot;Add To cart&quot;](3)" classname="com.bdia.runners.TestNGRunnerTest" time="0.434"/>
</testsuite>