<?xml version="1.0" encoding="UTF-8"?>
<testng-results ignored="0" total="2" passed="2" failed="0" skipped="0">
  <reporter-output>
  </reporter-output>
  <suite started-at="2022-07-01T15:26:20 CEST" name="Surefire suite" finished-at="2022-07-01T15:27:46 CEST" duration-ms="86185">
    <groups>
      <group name="cucumber">
        <method signature="AbstractTestNGCucumberTests.runScenario(io.cucumber.testng.PickleWrapper,io.cucumber.testng.FeatureWrapper)[pri:0, instance:com.bdia.Runners.TestNGRunnerTest@1190200a]" name="runScenario" class="io.cucumber.testng.AbstractTestNGCucumberTests"/>
      </group> <!-- cucumber -->
    </groups>
    <test started-at="2022-07-01T15:26:20 CEST" name="Surefire test" finished-at="2022-07-01T15:27:46 CEST" duration-ms="86185">
      <class name="com.bdia.Runners.TestNGRunnerTest">
        <test-method is-config="true" signature="setUpClass(org.testng.ITestContext)[pri:0, instance:com.bdia.Runners.TestNGRunnerTest@1190200a]" started-at="2022-07-01T15:26:20 CEST" name="setUpClass" finished-at="2022-07-01T15:26:22 CEST" duration-ms="2466" status="PASS">
          <params>
            <param index="0">
              <value>
                <![CDATA[org.testng.TestRunner@39d77de9]]>
              </value>
            </param>
          </params>
          <reporter-output>
          </reporter-output>
        </test-method> <!-- setUpClass -->
        <test-method signature="runScenario(io.cucumber.testng.PickleWrapper,io.cucumber.testng.FeatureWrapper)[pri:0, instance:com.bdia.Runners.TestNGRunnerTest@1190200a]" started-at="2022-07-01T15:26:22 CEST" name="runScenario" description="Runs Cucumber Scenarios" data-provider="scenarios" finished-at="2022-07-01T15:27:09 CEST" duration-ms="46130" status="PASS">
          <params>
            <param index="0">
              <value>
                <![CDATA["Add one product"]]>
              </value>
            </param>
            <param index="1">
              <value>
                <![CDATA["Add To cart"]]>
              </value>
            </param>
          </params>
          <reporter-output>
          </reporter-output>
        </test-method> <!-- runScenario -->
        <test-method signature="runScenario(io.cucumber.testng.PickleWrapper,io.cucumber.testng.FeatureWrapper)[pri:0, instance:com.bdia.Runners.TestNGRunnerTest@1190200a]" started-at="2022-07-01T15:27:09 CEST" name="runScenario" description="Runs Cucumber Scenarios" data-provider="scenarios" finished-at="2022-07-01T15:27:45 CEST" duration-ms="36698" status="PASS">
          <params>
            <param index="0">
              <value>
                <![CDATA["add a discount coupon"]]>
              </value>
            </param>
            <param index="1">
              <value>
                <![CDATA["Add a coupon"]]>
              </value>
            </param>
          </params>
          <reporter-output>
          </reporter-output>
        </test-method> <!-- runScenario -->
        <test-method is-config="true" signature="tearDownClass()[pri:0, instance:com.bdia.Runners.TestNGRunnerTest@1190200a]" started-at="2022-07-01T15:27:45 CEST" name="tearDownClass" finished-at="2022-07-01T15:27:46 CEST" duration-ms="834" status="PASS">
          <reporter-output>
          </reporter-output>
        </test-method> <!-- tearDownClass -->
      </class> <!-- com.bdia.Runners.TestNGRunnerTest -->
    </test> <!-- Surefire test -->
  </suite> <!-- Surefire suite -->
</testng-results>
