<?xml version="1.0" encoding="UTF-8"?>
<testsuite xmlns:xsi="http://www.w3.org/2001/XMLSchema-instance" xsi:noNamespaceSchemaLocation="https://maven.apache.org/surefire/maven-surefire-plugin/xsd/surefire-test-report-3.0.xsd" version="3.0" name="com.bdia.Runners.TestNGRunnerTest" time="86.537" tests="2" errors="0" skipped="0" failures="0">
  <properties>
[...]
</properties>
  <testcase name="runScenario[&quot;Add one product&quot;, &quot;Add To cart&quot;](1)" classname="com.bdia.Runners.TestNGRunnerTest" time="46.126">
    <system-out><![CDATA[&amp#27;[35m[Appium]&amp#27;[39m Welcome to Appium v1.22.3
&amp#27;[35m[Appium]&amp#27;[39m Non-default server args:
&amp#27;[35m[Appium]&amp#27;[39m   port: 53260
&amp#27;[35m[Appium]&amp#27;[39m   sessionOverride: true
&amp#27;[35m[Appium]&amp#27;[39m   logFile: /Users/bambadia/IdeaProjects/CucumberFramework/ServerLogs/null/server.log
&amp#27;[35m[Appium]&amp#27;[39m Appium REST http interface listener started on 0.0.0.0:53260
&amp#27;[35m[HTTP]&amp#27;[39m &amp#27;[37m-->&amp#27;[39m &amp#27;[37mGET&amp#27;[39m &amp#27;[37m/wd/hub/status&amp#27;[39m
&amp#27;[35m[HTTP]&amp#27;[39m &amp#27;[90m{}&amp#27;[39m
[debug] &amp#27;[35m[GENERIC]&amp#27;[39m Calling AppiumDriver.getStatus() with args: []
[debug] &amp#27;[35m[GENERIC]&amp#27;[39m Responding to client with driver.getStatus() result: {"build":{"version":"1.22.3"}}
&amp#27;[35m[HTTP]&amp#27;[39m &amp#27;[37m<-- GET /wd/hub/status &amp#27;[39m&amp#27;[32m200&amp#27;[39m &amp#27;[90m10 ms - 68&amp#27;[39m
&amp#27;[35m[HTTP]&amp#27;[39m &amp#27;[90m&amp#27;[39m
PRINT service state : http://0.0.0.0:53260/wd/hub/

@addToCart
Scenario Outline: Add one product         &amp#27;[90m# src/test/java/com/bdia/Feature/AddToCart.feature:14&amp#27;[0m
APPOIUM URL IS : http://0.0.0.0:53260/wd/hub/
  &amp#27;[32mGiven &amp#27;[0m&amp#27;[32mI'm on store page&amp#27;[0m                 &amp#27;[90m# com.bdia.Stepdefs.AddToCartStepDef.iMOnStorePage()&amp#27;[0m
PRODUCT NAME  :  "Blue Shoes"
  &amp#27;[32mWhen &amp#27;[0m&amp#27;[32mI add one &amp#27;[0m&amp#27;[32m&amp#27;[1m"Blue Shoes"&amp#27;[0m&amp#27;[32m to cart&amp#27;[0m     &amp#27;[90m# com.bdia.Stepdefs.AddToCartStepDef.iAddOneProductToCart(com.bdia.Objects.Product)&amp#27;[0m
PRODUCT NAME  :  "Blue Shoes"
  &amp#27;[32mThen &amp#27;[0m&amp#27;[32mI see one &amp#27;[0m&amp#27;[32m&amp#27;[1m"Blue Shoes"&amp#27;[0m&amp#27;[32m in the cart&amp#27;[0m &amp#27;[90m# com.bdia.Stepdefs.AddToCartStepDef.iSeeOneProductInTheCart(com.bdia.Objects.Product)&amp#27;[0m
]]></system-out>
    <system-err><![CDATA[SLF4J: Failed to load class "org.slf4j.impl.StaticLoggerBinder".
SLF4J: Defaulting to no-operation (NOP) logger implementation
SLF4J: See http://www.slf4j.org/codes.html#StaticLoggerBinder for further details.
]]></system-err>
  </testcase>
  <testcase name="runScenario[&quot;add a discount coupon&quot;, &quot;Add a coupon&quot;](2)" classname="com.bdia.Runners.TestNGRunnerTest" time="36.682">
    <system-out><![CDATA[
@coupons
Scenario: add a discount coupon                 &amp#27;[90m# src/test/java/com/bdia/Feature/Coupons.feature:7&amp#27;[0m
APPOIUM URL IS : http://0.0.0.0:53260/wd/hub/
  &amp#27;[32mGiven &amp#27;[0m&amp#27;[32mI'm on coupons list page&amp#27;[0m                &amp#27;[90m# com.bdia.Stepdefs.CouponsStepDef.iMOnCouponsListPage(java.util.List<com.bdia.Objects.Customer>)&amp#27;[0m
    | username                    | password |
    | nathan@neville.com          | Test1111 |
    | uncomptepourbre@yopmail.com | Test     |
  &amp#27;[32mAnd &amp#27;[0m&amp#27;[32mI have a product in the cart&amp#27;[0m              &amp#27;[90m# com.bdia.Stepdefs.CouponsStepDef.iHaveAProductInTheCart()&amp#27;[0m
  &amp#27;[32mWhen &amp#27;[0m&amp#27;[32mI add a discount coupon&amp#27;[0m                  &amp#27;[90m# com.bdia.Stepdefs.CouponsStepDef.iAddADiscountCoupon()&amp#27;[0m
  &amp#27;[32mThen &amp#27;[0m&amp#27;[32mI see the discount reduction in the cart&amp#27;[0m &amp#27;[90m# com.bdia.Stepdefs.CouponsStepDef.iSeeTheDiscounReductionInTheCart()&amp#27;[0m
]]></system-out>
  </testcase>
</testsuite>